This file contains any messages produced by compilers while
running configure, to aid debugging if configure makes a mistake.

It was created by libircclient configure 1.3, which was
generated by GNU Autoconf 2.63.  Invocation command line was

  $ ./configure 

## --------- ##
## Platform. ##
## --------- ##

hostname = pdkbox
uname -m = i686
uname -r = 2.6.31-20-generic
uname -s = Linux
uname -v = #58-Ubuntu SMP Fri Mar 12 05:23:09 UTC 2010

/usr/bin/uname -p = unknown
/bin/uname -X     = unknown

/bin/arch              = unknown
/usr/bin/arch -k       = unknown
/usr/convex/getsysinfo = unknown
/usr/bin/hostinfo      = unknown
/bin/machine           = unknown
/usr/bin/oslevel       = unknown
/bin/universe          = unknown

PATH: /usr/local/sbin
PATH: /usr/local/bin
PATH: /usr/sbin
PATH: /usr/bin
PATH: /sbin
PATH: /bin
PATH: /usr/games


## ----------- ##
## Core tests. ##
## ----------- ##

configure:1887: checking for g++
configure:1903: found /usr/bin/g++
configure:1914: result: g++
configure:1941: checking for C++ compiler version
configure:1949: g++ --version >&5
g++ (Ubuntu 4.4.1-4ubuntu9) 4.4.1
Copyright (C) 2009 Free Software Foundation, Inc.
This is free software; see the source for copying conditions.  There is NO
warranty; not even for MERCHANTABILITY or FITNESS FOR A PARTICULAR PURPOSE.

configure:1953: $? = 0
configure:1960: g++ -v >&5
Using built-in specs.
Target: i486-linux-gnu
Configured with: ../src/configure -v --with-pkgversion='Ubuntu 4.4.1-4ubuntu9' --with-bugurl=file:///usr/share/doc/gcc-4.4/README.Bugs --enable-languages=c,c++,fortran,objc,obj-c++ --prefix=/usr --enable-shared --enable-multiarch --enable-linker-build-id --with-system-zlib --libexecdir=/usr/lib --without-included-gettext --enable-threads=posix --with-gxx-include-dir=/usr/include/c++/4.4 --program-suffix=-4.4 --enable-nls --enable-clocale=gnu --enable-libstdcxx-debug --enable-objc-gc --enable-targets=all --disable-werror --with-arch-32=i486 --with-tune=generic --enable-checking=release --build=i486-linux-gnu --host=i486-linux-gnu --target=i486-linux-gnu
Thread model: posix
gcc version 4.4.1 (Ubuntu 4.4.1-4ubuntu9) 
configure:1964: $? = 0
configure:1971: g++ -V >&5
g++: '-V' option must have argument
configure:1975: $? = 1
configure:1998: checking for C++ compiler default output file name
configure:2020: g++    conftest.cpp  >&5
configure:2024: $? = 0
configure:2062: result: a.out
configure:2081: checking whether the C++ compiler works
configure:2091: ./a.out
configure:2095: $? = 0
configure:2114: result: yes
configure:2121: checking whether we are cross compiling
configure:2123: result: no
configure:2126: checking for suffix of executables
configure:2133: g++ -o conftest    conftest.cpp  >&5
configure:2137: $? = 0
configure:2163: result: 
configure:2169: checking for suffix of object files
configure:2195: g++ -c   conftest.cpp >&5
configure:2199: $? = 0
configure:2224: result: o
configure:2228: checking whether we are using the GNU C++ compiler
configure:2257: g++ -c   conftest.cpp >&5
configure:2264: $? = 0
configure:2281: result: yes
configure:2290: checking whether g++ accepts -g
configure:2320: g++ -c -g  conftest.cpp >&5
configure:2327: $? = 0
configure:2428: result: yes
configure:2499: checking for gcc
configure:2515: found /usr/bin/gcc
configure:2526: result: gcc
configure:2758: checking for C compiler version
configure:2766: gcc --version >&5
gcc (Ubuntu 4.4.1-4ubuntu9) 4.4.1
Copyright (C) 2009 Free Software Foundation, Inc.
This is free software; see the source for copying conditions.  There is NO
warranty; not even for MERCHANTABILITY or FITNESS FOR A PARTICULAR PURPOSE.

configure:2770: $? = 0
configure:2777: gcc -v >&5
Using built-in specs.
Target: i486-linux-gnu
Configured with: ../src/configure -v --with-pkgversion='Ubuntu 4.4.1-4ubuntu9' --with-bugurl=file:///usr/share/doc/gcc-4.4/README.Bugs --enable-languages=c,c++,fortran,objc,obj-c++ --prefix=/usr --enable-shared --enable-multiarch --enable-linker-build-id --with-system-zlib --libexecdir=/usr/lib --without-included-gettext --enable-threads=posix --with-gxx-include-dir=/usr/include/c++/4.4 --program-suffix=-4.4 --enable-nls --enable-clocale=gnu --enable-libstdcxx-debug --enable-objc-gc --enable-targets=all --disable-werror --with-arch-32=i486 --with-tune=generic --enable-checking=release --build=i486-linux-gnu --host=i486-linux-gnu --target=i486-linux-gnu
Thread model: posix
gcc version 4.4.1 (Ubuntu 4.4.1-4ubuntu9) 
configure:2781: $? = 0
configure:2788: gcc -V >&5
gcc: '-V' option must have argument
configure:2792: $? = 1
configure:2795: checking whether we are using the GNU C compiler
configure:2824: gcc -c   conftest.c >&5
configure:2831: $? = 0
configure:2848: result: yes
configure:2857: checking whether gcc accepts -g
configure:2887: gcc -c -g  conftest.c >&5
configure:2894: $? = 0
configure:2995: result: yes
configure:3012: checking for gcc option to accept ISO C89
configure:3086: gcc  -c -g -O2  conftest.c >&5
configure:3093: $? = 0
configure:3116: result: none needed
configure:3177: checking for ar
configure:3193: found /usr/bin/ar
configure:3204: result: ar
configure:3269: checking for ranlib
configure:3285: found /usr/bin/ranlib
configure:3296: result: ranlib
configure:3326: checking how to run the C preprocessor
configure:3366: gcc -E  conftest.c
configure:3373: $? = 0
configure:3404: gcc -E  conftest.c
conftest.c:8:28: error: ac_nonexistent.h: No such file or directory
configure:3411: $? = 1
configure: failed program was:
| /* confdefs.h.  */
| #define PACKAGE_NAME "libircclient"
| #define PACKAGE_TARNAME "libircclient"
| #define PACKAGE_VERSION "1.3"
| #define PACKAGE_STRING "libircclient 1.3"
| #define PACKAGE_BUGREPORT "gyunaev@ulduzsoft.com"
| /* end confdefs.h.  */
| #include <ac_nonexistent.h>
configure:3444: result: gcc -E
configure:3473: gcc -E  conftest.c
configure:3480: $? = 0
configure:3511: gcc -E  conftest.c
conftest.c:8:28: error: ac_nonexistent.h: No such file or directory
configure:3518: $? = 1
configure: failed program was:
| /* confdefs.h.  */
| #define PACKAGE_NAME "libircclient"
| #define PACKAGE_TARNAME "libircclient"
| #define PACKAGE_VERSION "1.3"
| #define PACKAGE_STRING "libircclient 1.3"
| #define PACKAGE_BUGREPORT "gyunaev@ulduzsoft.com"
| /* end confdefs.h.  */
| #include <ac_nonexistent.h>
configure:3558: checking for grep that handles long lines and -e
configure:3618: result: /bin/grep
configure:3623: checking for egrep
configure:3687: result: /bin/grep -E
configure:3692: checking for ANSI C header files
configure:3722: gcc -c -g -O2  conftest.c >&5
configure:3729: $? = 0
configure:3828: gcc -o conftest -g -O2   conftest.c  >&5
configure:3832: $? = 0
configure:3838: ./conftest
configure:3842: $? = 0
configure:3860: result: yes
configure:3886: checking for sys/types.h
configure:3907: gcc -c -g -O2  conftest.c >&5
configure:3914: $? = 0
configure:3931: result: yes
configure:3886: checking for sys/stat.h
configure:3907: gcc -c -g -O2  conftest.c >&5
configure:3914: $? = 0
configure:3931: result: yes
configure:3886: checking for stdlib.h
configure:3907: gcc -c -g -O2  conftest.c >&5
configure:3914: $? = 0
configure:3931: result: yes
configure:3886: checking for string.h
configure:3907: gcc -c -g -O2  conftest.c >&5
configure:3914: $? = 0
configure:3931: result: yes
configure:3886: checking for memory.h
configure:3907: gcc -c -g -O2  conftest.c >&5
configure:3914: $? = 0
configure:3931: result: yes
configure:3886: checking for strings.h
configure:3907: gcc -c -g -O2  conftest.c >&5
configure:3914: $? = 0
configure:3931: result: yes
configure:3886: checking for inttypes.h
configure:3907: gcc -c -g -O2  conftest.c >&5
configure:3914: $? = 0
configure:3931: result: yes
configure:3886: checking for stdint.h
configure:3907: gcc -c -g -O2  conftest.c >&5
configure:3914: $? = 0
configure:3931: result: yes
configure:3886: checking for unistd.h
configure:3907: gcc -c -g -O2  conftest.c >&5
configure:3914: $? = 0
configure:3931: result: yes
configure:3945: checking for stdbool.h that conforms to C99
configure:4040: gcc -c -g -O2  conftest.c >&5
configure:4047: $? = 0
configure:4062: result: yes
configure:4064: checking for _Bool
configure:4092: gcc -c -g -O2  conftest.c >&5
configure:4099: $? = 0
configure:4126: gcc -c -g -O2  conftest.c >&5
conftest.c: In function 'main':
conftest.c:54: error: expected expression before ')' token
configure:4133: $? = 1
configure: failed program was:
| /* confdefs.h.  */
| #define PACKAGE_NAME "libircclient"
| #define PACKAGE_TARNAME "libircclient"
| #define PACKAGE_VERSION "1.3"
| #define PACKAGE_STRING "libircclient 1.3"
| #define PACKAGE_BUGREPORT "gyunaev@ulduzsoft.com"
| #define STDC_HEADERS 1
| #define HAVE_SYS_TYPES_H 1
| #define HAVE_SYS_STAT_H 1
| #define HAVE_STDLIB_H 1
| #define HAVE_STRING_H 1
| #define HAVE_MEMORY_H 1
| #define HAVE_STRINGS_H 1
| #define HAVE_INTTYPES_H 1
| #define HAVE_STDINT_H 1
| #define HAVE_UNISTD_H 1
| /* end confdefs.h.  */
| #include <stdio.h>
| #ifdef HAVE_SYS_TYPES_H
| # include <sys/types.h>
| #endif
| #ifdef HAVE_SYS_STAT_H
| # include <sys/stat.h>
| #endif
| #ifdef STDC_HEADERS
| # include <stdlib.h>
| # include <stddef.h>
| #else
| # ifdef HAVE_STDLIB_H
| #  include <stdlib.h>
| # endif
| #endif
| #ifdef HAVE_STRING_H
| # if !defined STDC_HEADERS && defined HAVE_MEMORY_H
| #  include <memory.h>
| # endif
| # include <string.h>
| #endif
| #ifdef HAVE_STRINGS_H
| # include <strings.h>
| #endif
| #ifdef HAVE_INTTYPES_H
| # include <inttypes.h>
| #endif
| #ifdef HAVE_STDINT_H
| # include <stdint.h>
| #endif
| #ifdef HAVE_UNISTD_H
| # include <unistd.h>
| #endif
| int
| main ()
| {
| if (sizeof ((_Bool)))
| 	  return 0;
|   ;
|   return 0;
| }
configure:4156: result: yes
configure:4175: checking for an ANSI C-conforming const
configure:4250: gcc -c -g -O2  conftest.c >&5
configure:4257: $? = 0
configure:4272: result: yes
configure:4282: checking for size_t
configure:4310: gcc -c -g -O2  conftest.c >&5
configure:4317: $? = 0
configure:4344: gcc -c -g -O2  conftest.c >&5
conftest.c: In function 'main':
conftest.c:56: error: expected expression before ')' token
configure:4351: $? = 1
configure: failed program was:
| /* confdefs.h.  */
| #define PACKAGE_NAME "libircclient"
| #define PACKAGE_TARNAME "libircclient"
| #define PACKAGE_VERSION "1.3"
| #define PACKAGE_STRING "libircclient 1.3"
| #define PACKAGE_BUGREPORT "gyunaev@ulduzsoft.com"
| #define STDC_HEADERS 1
| #define HAVE_SYS_TYPES_H 1
| #define HAVE_SYS_STAT_H 1
| #define HAVE_STDLIB_H 1
| #define HAVE_STRING_H 1
| #define HAVE_MEMORY_H 1
| #define HAVE_STRINGS_H 1
| #define HAVE_INTTYPES_H 1
| #define HAVE_STDINT_H 1
| #define HAVE_UNISTD_H 1
| #define HAVE__BOOL 1
| #define HAVE_STDBOOL_H 1
| /* end confdefs.h.  */
| #include <stdio.h>
| #ifdef HAVE_SYS_TYPES_H
| # include <sys/types.h>
| #endif
| #ifdef HAVE_SYS_STAT_H
| # include <sys/stat.h>
| #endif
| #ifdef STDC_HEADERS
| # include <stdlib.h>
| # include <stddef.h>
| #else
| # ifdef HAVE_STDLIB_H
| #  include <stdlib.h>
| # endif
| #endif
| #ifdef HAVE_STRING_H
| # if !defined STDC_HEADERS && defined HAVE_MEMORY_H
| #  include <memory.h>
| # endif
| # include <string.h>
| #endif
| #ifdef HAVE_STRINGS_H
| # include <strings.h>
| #endif
| #ifdef HAVE_INTTYPES_H
| # include <inttypes.h>
| #endif
| #ifdef HAVE_STDINT_H
| # include <stdint.h>
| #endif
| #ifdef HAVE_UNISTD_H
| # include <unistd.h>
| #endif
| int
| main ()
| {
| if (sizeof ((size_t)))
| 	  return 0;
|   ;
|   return 0;
| }
configure:4374: result: yes
configure:4386: checking whether time.h and sys/time.h may both be included
configure:4416: gcc -c -g -O2  conftest.c >&5
configure:4423: $? = 0
configure:4438: result: yes
configure:4455: checking for stdlib.h
configure:4462: result: yes
configure:4601: checking for GNU libc compatible malloc
configure:4635: gcc -o conftest -g -O2   conftest.c  >&5
configure:4639: $? = 0
configure:4645: ./conftest
configure:4649: $? = 0
configure:4666: result: yes
configure:4707: checking sys/select.h usability
configure:4724: gcc -c -g -O2  conftest.c >&5
configure:4731: $? = 0
configure:4745: result: yes
configure:4749: checking sys/select.h presence
configure:4764: gcc -E  conftest.c
configure:4771: $? = 0
configure:4785: result: yes
configure:4818: checking for sys/select.h
configure:4827: result: yes
configure:4707: checking sys/socket.h usability
configure:4724: gcc -c -g -O2  conftest.c >&5
configure:4731: $? = 0
configure:4745: result: yes
configure:4749: checking sys/socket.h presence
configure:4764: gcc -E  conftest.c
configure:4771: $? = 0
configure:4785: result: yes
configure:4818: checking for sys/socket.h
configure:4827: result: yes
configure:4842: checking types of arguments for select
configure:4880: gcc -c -g -O2  conftest.c >&5
configure:4887: $? = 0
configure:4908: result: int,fd_set *,struct timeval *
configure:4931: checking whether lstat dereferences a symlink specified with a trailing slash
configure:4967: gcc -o conftest -g -O2   conftest.c  >&5
configure:4971: $? = 0
configure:4977: ./conftest
configure:4981: $? = 0
configure:5005: result: yes
configure:5024: checking whether stat accepts an empty string
configure:5054: gcc -o conftest -g -O2   conftest.c  >&5
configure:5058: $? = 0
configure:5064: ./conftest
configure:5068: $? = 0
configure:5085: result: no
configure:5106: checking for localtime_r
configure:5162: gcc -o conftest -g -O2   conftest.c  >&5
configure:5169: $? = 0
configure:5191: result: yes
configure:5106: checking for socket
configure:5162: gcc -o conftest -g -O2   conftest.c  >&5
configure:5169: $? = 0
configure:5191: result: yes
configure:5204: checking for socket in -lsocket
configure:5239: gcc -o conftest -g -O2   conftest.c -lsocket   >&5
/usr/bin/ld: cannot find -lsocket
collect2: ld returned 1 exit status
configure:5246: $? = 1
configure: failed program was:
| /* confdefs.h.  */
| #define PACKAGE_NAME "libircclient"
| #define PACKAGE_TARNAME "libircclient"
| #define PACKAGE_VERSION "1.3"
| #define PACKAGE_STRING "libircclient 1.3"
| #define PACKAGE_BUGREPORT "gyunaev@ulduzsoft.com"
| #define STDC_HEADERS 1
| #define HAVE_SYS_TYPES_H 1
| #define HAVE_SYS_STAT_H 1
| #define HAVE_STDLIB_H 1
| #define HAVE_STRING_H 1
| #define HAVE_MEMORY_H 1
| #define HAVE_STRINGS_H 1
| #define HAVE_INTTYPES_H 1
| #define HAVE_STDINT_H 1
| #define HAVE_UNISTD_H 1
| #define HAVE__BOOL 1
| #define HAVE_STDBOOL_H 1
| #define TIME_WITH_SYS_TIME 1
| #define HAVE_STDLIB_H 1
| #define HAVE_MALLOC 1
| #define HAVE_SYS_SELECT_H 1
| #define HAVE_SYS_SOCKET_H 1
| #define SELECT_TYPE_ARG1 int
| #define SELECT_TYPE_ARG234 (fd_set *)
| #define SELECT_TYPE_ARG5 (struct timeval *)
| #define LSTAT_FOLLOWS_SLASHED_SYMLINK 1
| #define HAVE_LOCALTIME_R 1
| #define HAVE_SOCKET 1
| /* end confdefs.h.  */
| 
| /* Override any GCC internal prototype to avoid an error.
|    Use char because int might match the return type of a GCC
|    builtin and then its argument prototype would still apply.  */
| #ifdef __cplusplus
| extern "C"
| #endif
| char socket ();
| int
| main ()
| {
| return socket ();
|   ;
|   return 0;
| }
configure:5267: result: no
configure:5465: checking for gethostbyname_r
configure:5521: gcc -o conftest -g -O2 -O3   conftest.c  >&5
configure:5528: $? = 0
configure:5550: result: yes
configure:5465: checking for inet_ntoa
configure:5521: gcc -o conftest -g -O2 -O3   conftest.c  >&5
configure:5528: $? = 0
configure:5550: result: yes
configure:5562: checking for inet_ntoa in -lnsl
configure:5597: gcc -o conftest -g -O2 -O3   conftest.c -lnsl   >&5
configure:5604: $? = 0
configure:5625: result: yes
configure:5748: creating ./config.status

## ---------------------- ##
## Running config.status. ##
## ---------------------- ##

This file was extended by libircclient config.status 1.3, which was
generated by GNU Autoconf 2.63.  Invocation command line was

  CONFIG_FILES    = 
  CONFIG_HEADERS  = 
  CONFIG_LINKS    = 
  CONFIG_COMMANDS = 
  $ ./config.status 

on pdkbox

config.status:743: creating src/Makefile
config.status:743: creating include/config.h

## ---------------- ##
## Cache variables. ##
## ---------------- ##

ac_cv_c_compiler_gnu=yes
ac_cv_c_const=yes
ac_cv_cxx_compiler_gnu=yes
ac_cv_env_CCC_set=
ac_cv_env_CCC_value=
ac_cv_env_CC_set=
ac_cv_env_CC_value=
ac_cv_env_CFLAGS_set=
ac_cv_env_CFLAGS_value=
ac_cv_env_CPPFLAGS_set=
ac_cv_env_CPPFLAGS_value=
ac_cv_env_CPP_set=
ac_cv_env_CPP_value=
ac_cv_env_CXXFLAGS_set=
ac_cv_env_CXXFLAGS_value=
ac_cv_env_CXX_set=
ac_cv_env_CXX_value=
ac_cv_env_LDFLAGS_set=
ac_cv_env_LDFLAGS_value=
ac_cv_env_LIBS_set=
ac_cv_env_LIBS_value=
ac_cv_env_build_alias_set=
ac_cv_env_build_alias_value=
ac_cv_env_host_alias_set=
ac_cv_env_host_alias_value=
ac_cv_env_target_alias_set=
ac_cv_env_target_alias_value=
ac_cv_func_gethostbyname_r=yes
ac_cv_func_inet_ntoa=yes
ac_cv_func_localtime_r=yes
ac_cv_func_lstat_dereferences_slashed_symlink=yes
ac_cv_func_malloc_0_nonnull=yes
ac_cv_func_select_args='int,fd_set *,struct timeval *'
ac_cv_func_socket=yes
ac_cv_func_stat_empty_string_bug=no
ac_cv_header_inttypes_h=yes
ac_cv_header_memory_h=yes
ac_cv_header_stdbool_h=yes
ac_cv_header_stdc=yes
ac_cv_header_stdint_h=yes
ac_cv_header_stdlib_h=yes
ac_cv_header_string_h=yes
ac_cv_header_strings_h=yes
ac_cv_header_sys_select_h=yes
ac_cv_header_sys_socket_h=yes
ac_cv_header_sys_stat_h=yes
ac_cv_header_sys_types_h=yes
ac_cv_header_time=yes
ac_cv_header_unistd_h=yes
ac_cv_lib_nsl_inet_ntoa=yes
ac_cv_lib_socket_socket=no
ac_cv_objext=o
ac_cv_path_EGREP='/bin/grep -E'
ac_cv_path_GREP=/bin/grep
ac_cv_prog_CPP='gcc -E'
ac_cv_prog_ac_ct_AR=ar
ac_cv_prog_ac_ct_CC=gcc
ac_cv_prog_ac_ct_CXX=g++
ac_cv_prog_ac_ct_RANLIB=ranlib
ac_cv_prog_cc_c89=
ac_cv_prog_cc_g=yes
ac_cv_prog_cxx_g=yes
ac_cv_type__Bool=yes
ac_cv_type_size_t=yes

## ----------------- ##
## Output variables. ##
## ----------------- ##

AR='ar'
CC='gcc'
CFLAGS='-g -O2 -O3 -DENABLE_THREADS -D_REENTRANT'
CPP='gcc -E'
CPPFLAGS=''
CXX='g++'
CXXFLAGS='-g -O2'
DEFS='-DHAVE_CONFIG_H'
ECHO_C=''
ECHO_N='-n'
ECHO_T=''
EGREP='/bin/grep -E'
EXEEXT=''
GREP='/bin/grep'
LDFLAGS=''
LIBOBJS=''
LIBS=' -lnsl'
LTLIBOBJS=''
OBJEXT='o'
PACKAGE_BUGREPORT='gyunaev@ulduzsoft.com'
PACKAGE_NAME='libircclient'
PACKAGE_STRING='libircclient 1.3'
PACKAGE_TARNAME='libircclient'
PACKAGE_VERSION='1.3'
PATH_SEPARATOR=':'
PREFIX=''
RANLIB='ranlib'
SHELL='/bin/bash'
ac_ct_CC='gcc'
ac_ct_CXX='g++'
bindir='${exec_prefix}/bin'
build_alias=''
datadir='${datarootdir}'
datarootdir='${prefix}/share'
docdir='${datarootdir}/doc/${PACKAGE_TARNAME}'
dvidir='${docdir}'
exec_prefix='${prefix}'
host_alias=''
htmldir='${docdir}'
includedir='${prefix}/include'
infodir='${datarootdir}/info'
libdir='${exec_prefix}/lib'
libexecdir='${exec_prefix}/libexec'
localedir='${datarootdir}/locale'
localstatedir='${prefix}/var'
mandir='${datarootdir}/man'
oldincludedir='/usr/include'
pdfdir='${docdir}'
prefix='/usr/local'
program_transform_name='s,x,x,'
psdir='${docdir}'
sbindir='${exec_prefix}/sbin'
sharedstatedir='${prefix}/com'
sysconfdir='${prefix}/etc'
target_alias=''

## ----------- ##
## confdefs.h. ##
## ----------- ##

#define PACKAGE_NAME "libircclient"
#define PACKAGE_TARNAME "libircclient"
#define PACKAGE_VERSION "1.3"
#define PACKAGE_STRING "libircclient 1.3"
#define PACKAGE_BUGREPORT "gyunaev@ulduzsoft.com"
#define STDC_HEADERS 1
#define HAVE_SYS_TYPES_H 1
#define HAVE_SYS_STAT_H 1
#define HAVE_STDLIB_H 1
#define HAVE_STRING_H 1
#define HAVE_MEMORY_H 1
#define HAVE_STRINGS_H 1
#define HAVE_INTTYPES_H 1
#define HAVE_STDINT_H 1
#define HAVE_UNISTD_H 1
#define HAVE__BOOL 1
#define HAVE_STDBOOL_H 1
#define TIME_WITH_SYS_TIME 1
#define HAVE_STDLIB_H 1
#define HAVE_MALLOC 1
#define HAVE_SYS_SELECT_H 1
#define HAVE_SYS_SOCKET_H 1
#define SELECT_TYPE_ARG1 int
#define SELECT_TYPE_ARG234 (fd_set *)
#define SELECT_TYPE_ARG5 (struct timeval *)
#define LSTAT_FOLLOWS_SLASHED_SYMLINK 1
#define HAVE_LOCALTIME_R 1
#define HAVE_SOCKET 1
#define HAVE_GETHOSTBYNAME_R 1
#define HAVE_INET_NTOA 1
#define HAVE_INET_NTOA 1

configure: exit 0
